make.exe all --print-data-base --no-builtin-variables --no-builtin-rules --question
make: *** No rule to make target 'all'.  Stop.

# GNU Make 4.3.90
# Built for x86_64-w64-mingw32
# Copyright (C) 1988-2022 Free Software Foundation, Inc.
# License GPLv3+: GNU GPL version 3 or later <https://gnu.org/licenses/gpl.html>
# This is free software: you are free to change and redistribute it.
# There is NO WARRANTY, to the extent permitted by law.

# Make data base, printed on Wed Nov  9 10:29:00 2022

# Variables

# environment
FPS_BROWSER_APP_PROFILE_STRING = Internet Explorer
# environment
SYSTEMDRIVE = C:
# environment
LC_ALL = C
# environment
USERPROFILE = C:\Users\zgoo
# environment
LOCALAPPDATA = C:\Users\zgoo\AppData\Local
# environment
VSCODE_CWD = F:\Simple_VCS_Simulation
# environment
SYSTEMROOT = C:\Windows
# environment
PROCESSOR_LEVEL = 6
# environment
PSMODULEPATH = C:\Program Files\WindowsPowerShell\Modules;C:\Windows\system32\WindowsPowerShell\v1.0\Modules
# default
MAKE_COMMAND := make.exe
# makefile (from 'Makefile', line 3)
CASE = 01_adder_32bits
# environment
CCHZPATH = D:\CTEX\CTeX\cct\fonts
# automatic
@D = $(patsubst %/,%,$(patsubst %\,%,$(dir $@)))
# environment
CHROME_CRASHPAD_PIPE_NAME = \\.\pipe\crashpad_1720_DGNCWBKKIVWRFBHG
# environment
FPS_BROWSER_USER_PROFILE_STRING = Default
# environment
VSCODE_HANDLES_UNCAUGHT_ERRORS = true
# default
.VARIABLES := 
# automatic
%D = $(patsubst %/,%,$(patsubst %\,%,$(dir $%)))
# automatic
^D = $(patsubst %/,%,$(patsubst %\,%,$(dir $^)))
# automatic
%F = $(notdir $%)
# environment
VSCODE_CODE_CACHE_PATH = C:\Users\zgoo\AppData\Roaming\Code\CachedData\8fa188b2b301d36553cbc9ce1b0a146ccb93351f
# environment
LANG = C
# default
.LOADED := 
# environment
TMP = C:\Users\zgoo\AppData\Local\Temp
# default
.INCLUDE_DIRS := 
# makefile
MAKEFLAGS = pqrR
# environment
ONEDRIVE = C:\Users\zgoo\OneDrive
# makefile
CURDIR := f:/Simple_VCS_Simulation
# environment
APPLICATION_INSIGHTS_NO_DIAGNOSTIC_CHANNEL = 1
# automatic
*D = $(patsubst %/,%,$(patsubst %\,%,$(dir $*)))
# environment
PROGRAMFILES = C:\Program Files
# environment
MFLAGS = -pqrR
# default
.SHELLFLAGS := -c
# environment
COMMONPROGRAMW6432 = C:\Program Files\Common Files
# automatic
+D = $(patsubst %/,%,$(patsubst %\,%,$(dir $+)))
# makefile (from 'Makefile', line 1)
MAKEFILE_LIST := Makefile
# automatic
@F = $(notdir $@)
# environment
VSCODE_PID = 1720
# automatic
?D = $(patsubst %/,%,$(patsubst %\,%,$(dir $?)))
# automatic
*F = $(notdir $*)
# automatic
<D = $(patsubst %/,%,$(patsubst %\,%,$(dir $<)))
# environment
VSCODE_NLS_CONFIG = {"locale":"zh-cn","availableLanguages":{},"_languagePackSupport":true}
# default
MAKE_HOST := x86_64-w64-mingw32
# environment
PROGRAMDATA = C:\ProgramData
# default
SHELL := D:/Git/bin/sh.exe
# environment
HOMEPATH = \Users\zgoo
# default
MAKECMDGOALS := all
# environment
CCPKPATH = D:\CTEX\CTeX\fonts\pk\modeless\cct\dpi$d
# environment
DRIVERDATA = C:\Windows\System32\Drivers\DriverData
# environment
COMSPEC = C:\Windows\system32\cmd.exe
# environment
WINDIR = C:\Windows
# environment
MAKELEVEL := 0
# default
MAKE = $(MAKE_COMMAND)
# environment
PATH = D:\VMware\bin\;D:\Git\mingw64\bin;D:\Git\bin;D:\Git\cmd;C:\Windows\system32;C:\Windows;C:\Windows\System32\Wbem;C:\Windows\System32\WindowsPowerShell\v1.0\;C:\Windows\System32\OpenSSH\;C:\Users\zgoo\AppData\Local\Microsoft\WindowsApps;D:\VSCode\bin;C:\Program Files\zgoo-toolchain\openocd-zgoo\bin;C:\Program Files\zgoo-toolchain\xpack-windows-build-tools\bin;C:\Program Files\zgoo-toolchain\xpack-ninja-build\bin;C:\Program Files\zgoo-toolchain\xpack-cmake\bin;C:\Program Files\zgoo-toolchain\riscv-gnu-toolchain\bin;C:\Program Files (x86)\ZeroTier\One\;D:\CTEX\UserData\miktex\bin;D:\CTEX\MiKTeX\miktex\bin;D:\CTEX\CTeX\ctex\bin;D:\CTEX\CTeX\cct\bin;D:\CTEX\CTeX\ty\bin;D:\CTEX\Ghostscript\gs9.05\bin;D:\CTEX\GSview\gsview;D:\CTEX\WinEdt;C:\Users\zgoo\AppData\Local\Microsoft\WindowsApps;;D:\VSCode\bin
# environment
ZES_ENABLE_SYSMAN = 1
# environment
COMPUTERNAME = DESKTOP-FIVM1L5
# default
MAKEFILES := 
# automatic
^F = $(notdir $^)
# environment
PROMPT = $P$G
# environment
LOGONSERVER = \\DESKTOP-FIVM1L5
# environment
USERNAME = zgoo
# environment
COMMONPROGRAMFILES = C:\Program Files\Common Files
# automatic
?F = $(notdir $?)
# environment
PROGRAMW6432 = C:\Program Files
# environment
PATHEXT = .COM;.EXE;.BAT;.CMD;.VBS;.VBE;.JS;.JSE;.WSF;.WSH;.MSC
# automatic
+F = $(notdir $+)
# environment
ORIGINAL_XDG_CURRENT_DESKTOP = undefined
# environment
USERDOMAIN = DESKTOP-FIVM1L5
# 'override' directive
GNUMAKEFLAGS := 
# environment
OS = Windows_NT
# makefile
.DEFAULT_GOAL := sim
# default
MAKE_VERSION := 4.3.90
# environment
PROGRAMFILES(X86) = C:\Program Files (x86)
# makefile (from 'Makefile', line 1)
TOPDIR = .
# environment
USERDOMAIN_ROAMINGPROFILE = DESKTOP-FIVM1L5
# environment
NUMBER_OF_PROCESSORS = 4
# environment
PUBLIC = C:\Users\Public
# environment
APPDATA = C:\Users\zgoo\AppData\Roaming
# environment
HOMEDRIVE = C:
# environment
PROCESSOR_ARCHITECTURE = AMD64
# environment
VSCODE_AMD_ENTRYPOINT = vs/workbench/api/node/extensionHostProcess
# environment
COMMONPROGRAMFILES(X86) = C:\Program Files (x86)\Common Files
# makefile (from 'Makefile', line 4)
WAVEFORMS = fsdbfiles
# environment
ELECTRON_RUN_AS_NODE = 1
# environment
TEMP = C:\Users\zgoo\AppData\Local\Temp
# environment
VSCODE_IPC_HOOK = \\.\pipe\fe69040785ec2ed1b83a5da60e1d522c-1.73.0-main-sock
# default
.RECIPEPREFIX := 
# automatic
<F = $(notdir $<)
# default
SUFFIXES := 
# environment
ALLUSERSPROFILE = C:\ProgramData
# environment
SESSIONNAME = Console
# default
.FEATURES := target-specific order-only second-expansion else-if shortest-stem undefine oneshell nocomment grouped-target extra-prereqs notintermediate archives jobserver output-sync maintainer
# environment
PROCESSOR_REVISION = 9e09
# environment
PROCESSOR_IDENTIFIER = Intel64 Family 6 Model 158 Stepping 9, GenuineIntel
# variable set hash-table stats:
# Load=94/1024=9%, Rehash=0, Collisions=8/123=7%

# Pattern-specific Variable Values

# No pattern-specific variable values.

# Directories

# . (key f:/Simple_VCS_Simulation, mtime 1667960939): 8 files, no impossibilities.

# 8 files, no impossibilities in 1 directories.

# Implicit Rules

# No implicit rules.

# Files

sim:
#  Phony target (prerequisite of .PHONY).
#  Implicit rule search has not been done.
#  File does not exist.
#  File has not been updated.
#  recipe to execute (from 'Makefile', line 8):
	make  flist
	mkdir -p $(TOPDIR)/$(WAVEFORMS)
	vcs -f $(TOPDIR)/$(CASE)/$(CASE).list  \
		-R 						\
		-timescale=1ns/1ns 		\
		+v2k 					\
		-fsdb +define+FSDB					
	mv *.fsdb $(TOPDIR)/$(WAVEFORMS)

# Not a target:
Makefile:
#  Implicit rule search has been done.
#  File is secondary (prerequisite of .SECONDARY).
#  Last modified 2022-11-08 13:49:15
#  File has been updated.
#  Successfully updated.

clean:
#  Phony target (prerequisite of .PHONY).
#  Implicit rule search has not been done.
#  File does not exist.
#  File has not been updated.
#  recipe to execute (from 'Makefile', line 31):
	rm -rf csrc  novas.conf   novas.rc  novas_dump.log	\
		   simv  simv.daidir  ucli.key  verdiLog		\
		   fsdbfiles

verdi:
#  Phony target (prerequisite of .PHONY).
#  Implicit rule search has not been done.
#  File does not exist.
#  File has not been updated.
#  recipe to execute (from 'Makefile', line 24):
	mkdir $(TOPDIR)/verdifiles
	cd $(TOPDIR)/verdifiles
	verdi -f ./$(CASE)/$(CASE).list

flist:
#  Phony target (prerequisite of .PHONY).
#  Implicit rule search has not been done.
#  File does not exist.
#  File has not been updated.
#  recipe to execute (from 'Makefile', line 19):
		cd $(TOPDIR)/$(CASE)/
		find -name "*.v" > $(TOPDIR)/$(CASE)/$(CASE).list

# Not a target:
.DEFAULT:
#  Implicit rule search has not been done.
#  Modification time never checked.
#  File has not been updated.

# Not a target:
all:
#  Command line target.
#  Implicit rule search has been done.
#  File does not exist.
#  File has not been updated.

.PHONY: sim flist verdi clean
#  Implicit rule search has not been done.
#  Modification time never checked.
#  File has not been updated.

# files hash-table stats:
# Load=9/1024=1%, Rehash=0, Collisions=0/31=0%
# VPATH Search Paths

# No 'vpath' search paths.

# No general ('VPATH' variable) search path.

# strcache buffers: 1 (0) / strings = 16 / storage = 123 B / avg = 7 B
# current buf: size = 8162 B / used = 123 B / count = 16 / avg = 7 B

# strcache performance: lookups = 34 / hit rate = 52%
# hash-table stats:
# Load=16/8192=0%, Rehash=0, Collisions=0/34=0%
# Finished Make data base on Wed Nov  9 10:29:00 2022

 
